12/07/2024 11:05:32 AM: INFO: *********************** Test_001_Home_Page_Title ***********************
12/07/2024 11:05:32 AM: INFO: *********************** Verifying Home Page Title ***********************
12/07/2024 11:05:36 AM: INFO: *********************** Home Page Title test is passed ***********************
12/07/2024 11:05:36 AM: INFO: *********************** Test_002_Login ***********************
12/07/2024 11:05:36 AM: INFO: *********************** Verifying Login test ***********************
12/07/2024 11:05:42 AM: INFO: *********************** Login test is passed ***********************
12/07/2024 11:35:10 AM: INFO: *********************** Test_001_Home_Page_Title ***********************
12/07/2024 11:35:10 AM: INFO: *********************** Verifying Home Page Title ***********************
12/07/2024 11:35:15 AM: INFO: *********************** Home Page Title test is passed ***********************
12/07/2024 11:35:15 AM: INFO: *********************** Test_002_Login ***********************
12/07/2024 11:35:15 AM: INFO: *********************** Verifying Login test ***********************
12/07/2024 11:35:22 AM: INFO: *********************** Login test is passed ***********************
12/07/2024 11:35:38 AM: INFO: *********************** Test_001_Home_Page_Title ***********************
12/07/2024 11:35:38 AM: INFO: *********************** Verifying Home Page Title ***********************
12/07/2024 11:35:41 AM: INFO: *********************** Home Page Title test is passed ***********************
12/07/2024 11:35:42 AM: INFO: *********************** Test_002_Login ***********************
12/07/2024 11:35:42 AM: INFO: *********************** Verifying Login test ***********************
12/07/2024 11:35:48 AM: INFO: *********************** Login test is passed ***********************
12/07/2024 11:37:42 AM: INFO: *********************** Test_001_Home_Page_Title ***********************
12/07/2024 11:37:42 AM: INFO: *********************** Verifying Home Page Title ***********************
12/07/2024 11:37:42 AM: INFO: *********************** Test_002_Login ***********************
12/07/2024 11:37:42 AM: INFO: *********************** Verifying Login test ***********************
12/07/2024 11:39:18 AM: INFO: *********************** Test_001_Home_Page_Title ***********************
12/07/2024 11:39:18 AM: INFO: *********************** Verifying Home Page Title ***********************
12/07/2024 11:39:23 AM: INFO: *********************** Home Page Title test is passed ***********************
12/07/2024 11:39:23 AM: INFO: *********************** Test_002_Login ***********************
12/07/2024 11:39:23 AM: INFO: *********************** Verifying Login test ***********************
12/07/2024 11:39:27 AM: ERROR: *********************** Login test is failed ***********************
12/07/2024 11:40:56 AM: INFO: *********************** Test_002_Login ***********************
12/07/2024 11:40:56 AM: INFO: *********************** Verifying Login test ***********************
12/07/2024 11:40:57 AM: INFO: *********************** Test_001_Home_Page_Title ***********************
12/07/2024 11:40:57 AM: INFO: *********************** Verifying Home Page Title ***********************
12/07/2024 11:41:01 AM: INFO: *********************** Home Page Title test is passed ***********************
12/07/2024 11:41:02 AM: INFO: *********************** Login test is passed ***********************
12/07/2024 12:00:37 PM: INFO: *********************** Test_002_Login ***********************
12/07/2024 12:00:37 PM: INFO: *********************** Verifying Login test ***********************
12/07/2024 12:00:37 PM: INFO: *********************** Test_001_Home_Page_Title ***********************
12/07/2024 12:00:37 PM: INFO: *********************** Verifying Home Page Title ***********************
12/07/2024 12:00:42 PM: INFO: *********************** Home Page Title test is passed ***********************
12/07/2024 12:00:45 PM: INFO: *********************** Login test is passed ***********************
12/07/2024 08:31:48 PM: INFO: *********************** Test_002_DDT_Login ***********************
12/07/2024 08:31:48 PM: INFO: *********************** Verifying Login DDT test ***********************
12/07/2024 08:31:57 PM: INFO: *** Failed ***
12/07/2024 08:33:21 PM: INFO: *********************** Test_002_DDT_Login ***********************
12/07/2024 08:33:21 PM: INFO: *********************** Verifying Login DDT test ***********************
12/07/2024 08:33:28 PM: INFO: *** Failed ***
12/07/2024 09:14:02 PM: INFO: *********************** Test_002_DDT_Login ***********************
12/07/2024 09:14:02 PM: INFO: *********************** Verifying Login DDT test ***********************
12/07/2024 09:14:11 PM: INFO: *** Failed ***
